{
  "RSpec": {
    "coverage": {
      "/Users/bencornelis/Desktop/hubski_clone/spec/controllers/comments_controller_spec.rb": [
        1,
        null,
        1,
        null,
        null
      ],
      "/Users/bencornelis/Desktop/hubski_clone/spec/rails_helper.rb": [
        null,
        1,
        1,
        null,
        1,
        null,
        1,
        1,
        1,
        1,
        1,
        1,
        1,
        null,
        null,
        null,
        null,
        null,
        null,
        null,
        null,
        null,
        null,
        null,
        null,
        null,
        null,
        null,
        null,
        null,
        null,
        null,
        1,
        null,
        1,
        null,
        null,
        1,
        null,
        null,
        null,
        null,
        null,
        null,
        1,
        1,
        null,
        null,
        1,
        42,
        42,
        null,
        null,
        null,
        null,
        18,
        null,
        null,
        null,
        null,
        null,
        null,
        null,
        null,
        null,
        null,
        null,
        null,
        null,
        null,
        1,
        null
      ],
      "/Users/bencornelis/Desktop/hubski_clone/config/environment.rb": [
        null,
        1,
        null,
        null,
        1
      ],
      "/Users/bencornelis/Desktop/hubski_clone/config/application.rb": [
        1,
        null,
        1,
        null,
        1,
        1,
        1,
        1,
        1,
        1,
        1,
        null,
        null,
        null,
        null,
        1,
        null,
        1,
        1,
        null,
        null,
        null,
        null,
        null,
        null,
        null,
        null,
        null,
        null,
        null,
        null,
        null,
        1,
        null,
        null
      ],
      "/Users/bencornelis/Desktop/hubski_clone/config/boot.rb": [
        1,
        null,
        1
      ],
      "/Users/bencornelis/Desktop/hubski_clone/config/environments/test.rb": [
        1,
        null,
        null,
        null,
        null,
        null,
        null,
        1,
        null,
        null,
        null,
        null,
        1,
        null,
        null,
        1,
        1,
        null,
        null,
        1,
        1,
        null,
        null,
        1,
        null,
        null,
        1,
        null,
        null,
        null,
        null,
        1,
        null,
        null,
        1,
        null,
        null,
        1,
        null,
        null,
        null,
        null
      ],
      "/Users/bencornelis/Desktop/hubski_clone/config/initializers/assets.rb": [
        null,
        null,
        null,
        1,
        null,
        null,
        null,
        null,
        null,
        null,
        null,
        null,
        1
      ],
      "/Users/bencornelis/Desktop/hubski_clone/config/initializers/backtrace_silencers.rb": [
        null,
        null,
        null,
        null,
        null,
        null,
        null
      ],
      "/Users/bencornelis/Desktop/hubski_clone/config/initializers/cookies_serializer.rb": [
        null,
        null,
        1
      ],
      "/Users/bencornelis/Desktop/hubski_clone/config/initializers/filter_parameter_logging.rb": [
        null,
        null,
        null,
        1
      ],
      "/Users/bencornelis/Desktop/hubski_clone/config/initializers/inflections.rb": [
        null,
        null,
        null,
        null,
        null,
        null,
        null,
        null,
        null,
        null,
        null,
        null,
        null,
        null,
        null,
        null
      ],
      "/Users/bencornelis/Desktop/hubski_clone/config/initializers/mime_types.rb": [
        null,
        null,
        null,
        null
      ],
      "/Users/bencornelis/Desktop/hubski_clone/config/initializers/rolify.rb": [
        1,
        null,
        null,
        null,
        null,
        null,
        null
      ],
      "/Users/bencornelis/Desktop/hubski_clone/app/models/role.rb": [
        1,
        1,
        1,
        null,
        1,
        null,
        null,
        null,
        1,
        null
      ],
      "/Users/bencornelis/Desktop/hubski_clone/config/initializers/session_store.rb": [
        null,
        null,
        1
      ],
      "/Users/bencornelis/Desktop/hubski_clone/config/initializers/wrap_parameters.rb": [
        null,
        null,
        null,
        null,
        null,
        null,
        1,
        1,
        null,
        null,
        null,
        null,
        null,
        null
      ],
      "/Users/bencornelis/Desktop/hubski_clone/spec/factories.rb": [
        1,
        1,
        20,
        20,
        20,
        null,
        null,
        1,
        1,
        1,
        1,
        1,
        null,
        null,
        1,
        2,
        null,
        null
      ],
      "/Users/bencornelis/Desktop/hubski_clone/config/routes.rb": [
        1,
        1,
        1,
        1,
        null,
        null,
        1,
        1,
        1,
        null,
        null,
        1,
        1,
        null,
        null,
        1,
        null,
        1,
        1,
        null,
        1,
        1,
        1,
        1,
        null
      ],
      "/Users/bencornelis/Desktop/hubski_clone/app/helpers/application_helper.rb": [
        1,
        null,
        1,
        27,
        27,
        27,
        27,
        null,
        null,
        1,
        22,
        null,
        null,
        null,
        null,
        1,
        24,
        0,
        24,
        0,
        24,
        1,
        null,
        23,
        null,
        null,
        null
      ],
      "/Users/bencornelis/Desktop/hubski_clone/app/helpers/comments_helper.rb": [
        1,
        null
      ],
      "/Users/bencornelis/Desktop/hubski_clone/app/helpers/follows_helper.rb": [
        1,
        null
      ],
      "/Users/bencornelis/Desktop/hubski_clone/app/helpers/posts_helper.rb": [
        1,
        1,
        66,
        66,
        66,
        null,
        null
      ],
      "/Users/bencornelis/Desktop/hubski_clone/app/helpers/shares_helper.rb": [
        1,
        null
      ],
      "/Users/bencornelis/Desktop/hubski_clone/app/helpers/tags_helper.rb": [
        1,
        1,
        0,
        null,
        null,
        1,
        0,
        null,
        0,
        0,
        null,
        0,
        null,
        null,
        null
      ],
      "/Users/bencornelis/Desktop/hubski_clone/app/helpers/users_helper.rb": [
        1,
        null
      ],
      "/Users/bencornelis/Desktop/hubski_clone/spec/support/authentication_helpers.rb": [
        1,
        8,
        8,
        8,
        8,
        null
      ],
      "/Users/bencornelis/Desktop/hubski_clone/spec/support/post_helpers.rb": [
        1,
        5,
        5,
        5,
        5,
        5,
        null
      ],
      "/Users/bencornelis/Desktop/hubski_clone/app/controllers/comments_controller.rb": [
        1,
        1,
        null,
        1,
        0,
        0,
        0,
        null,
        null,
        null,
        1,
        1,
        1,
        1,
        null,
        null,
        null,
        1,
        1,
        1,
        1,
        1,
        1,
        1,
        1,
        null,
        null,
        null,
        null,
        1,
        1,
        1,
        1,
        1,
        null,
        null,
        null,
        1,
        0,
        0,
        0,
        0,
        null,
        null,
        1,
        1,
        2,
        null,
        null,
        1,
        1,
        6,
        1,
        null,
        null,
        null,
        null
      ],
      "/Users/bencornelis/Desktop/hubski_clone/app/controllers/application_controller.rb": [
        1,
        null,
        null,
        1,
        1,
        null,
        1,
        null,
        1,
        237,
        null,
        null,
        1,
        169,
        null,
        null,
        1,
        1,
        null,
        1,
        1,
        10,
        2,
        2,
        3,
        3,
        null,
        null,
        null,
        null,
        1,
        0,
        0,
        null,
        null,
        1,
        34,
        null,
        null
      ],
      "/Users/bencornelis/Desktop/hubski_clone/spec/controllers/follows_controller_spec.rb": [
        1,
        null,
        1,
        null,
        null
      ],
      "/Users/bencornelis/Desktop/hubski_clone/app/controllers/follows_controller.rb": [
        1,
        1,
        null,
        1,
        1,
        1,
        null,
        1,
        1,
        1,
        null,
        null,
        null,
        null
      ],
      "/Users/bencornelis/Desktop/hubski_clone/spec/controllers/posts_controller_spec.rb": [
        1,
        null,
        1,
        null,
        null
      ],
      "/Users/bencornelis/Desktop/hubski_clone/app/controllers/posts_controller.rb": [
        1,
        1,
        1,
        1,
        null,
        1,
        22,
        null,
        null,
        1,
        9,
        null,
        null,
        1,
        1,
        null,
        null,
        1,
        null,
        null,
        1,
        1,
        1,
        1,
        null,
        0,
        null,
        null,
        null,
        1,
        1,
        1,
        1,
        null,
        null,
        1,
        0,
        0,
        0,
        null,
        null,
        1,
        0,
        0,
        null,
        null,
        1,
        1,
        2,
        null,
        null,
        null,
        null,
        1,
        22,
        null,
        null,
        1,
        2,
        null,
        null
      ],
      "/Users/bencornelis/Desktop/hubski_clone/spec/controllers/shares_controller_spec.rb": [
        1,
        null,
        1,
        null,
        null
      ],
      "/Users/bencornelis/Desktop/hubski_clone/app/controllers/shares_controller.rb": [
        1,
        1,
        1,
        null,
        1,
        1,
        1,
        null,
        null,
        null
      ],
      "/Users/bencornelis/Desktop/hubski_clone/spec/controllers/users_controller_spec.rb": [
        1,
        null,
        1,
        null,
        null
      ],
      "/Users/bencornelis/Desktop/hubski_clone/app/controllers/users_controller.rb": [
        1,
        1,
        null,
        1,
        3,
        3,
        3,
        3,
        null,
        null,
        1,
        4,
        null,
        null,
        1,
        3,
        3,
        2,
        2,
        null,
        1,
        null,
        null,
        null,
        1,
        1,
        3,
        null,
        null,
        null,
        null
      ],
      "/Users/bencornelis/Desktop/hubski_clone/spec/features/comment_pages_spec.rb": [
        1,
        null,
        1,
        1,
        1,
        1,
        1,
        1,
        1,
        1,
        1,
        1,
        1,
        1,
        1,
        null,
        null,
        1,
        1,
        1,
        1,
        1,
        1,
        1,
        1,
        1,
        1,
        null,
        null,
        null,
        1,
        1,
        1,
        1,
        1,
        1,
        1,
        1,
        1,
        null,
        1,
        1,
        1,
        1,
        1,
        1,
        1,
        null,
        null
      ],
      "/Users/bencornelis/Desktop/hubski_clone/spec/features/log_out_pages_spec.rb": [
        1,
        null,
        1,
        1,
        1,
        1,
        1,
        1,
        null,
        null
      ],
      "/Users/bencornelis/Desktop/hubski_clone/spec/features/login_pages_spec.rb": [
        1,
        null,
        1,
        1,
        1,
        1,
        1,
        1,
        1,
        1,
        1,
        null,
        null,
        1,
        1,
        1,
        1,
        1,
        1,
        1,
        1,
        null,
        null
      ],
      "/Users/bencornelis/Desktop/hubski_clone/spec/features/posts_pages_spec.rb": [
        1,
        null,
        1,
        1,
        1,
        1,
        1,
        1,
        1,
        1,
        1,
        1,
        1,
        1,
        1,
        1,
        1,
        null,
        null,
        1,
        1,
        1,
        1,
        1,
        null,
        null,
        null,
        1,
        1,
        1,
        1,
        1,
        1,
        null,
        null,
        1,
        1,
        1,
        1,
        1,
        1,
        1,
        1,
        1,
        null,
        null,
        null,
        1,
        1,
        1,
        1,
        1,
        1,
        1,
        null,
        null,
        1,
        1,
        1,
        1,
        1,
        1,
        1,
        1,
        1,
        null,
        null
      ],
      "/Users/bencornelis/Desktop/hubski_clone/spec/features/sign_up_pages_spec.rb": [
        1,
        null,
        1,
        1,
        1,
        1,
        1,
        1,
        1,
        1,
        1,
        1,
        null,
        null,
        1,
        1,
        1,
        1,
        1,
        1,
        1,
        1,
        1,
        null,
        null,
        1,
        1,
        1,
        1,
        1,
        1,
        1,
        1,
        1,
        null,
        null
      ],
      "/Users/bencornelis/Desktop/hubski_clone/spec/features/user_pages_spec.rb": [
        1,
        null,
        1,
        1,
        1,
        1,
        1,
        1,
        1,
        1,
        1,
        1,
        1,
        1,
        1,
        1,
        null,
        null
      ],
      "/Users/bencornelis/Desktop/hubski_clone/spec/helpers/comments_helper_spec.rb": [
        1,
        null,
        null,
        null,
        null,
        null,
        null,
        null,
        null,
        null,
        null,
        null,
        1,
        null
      ],
      "/Users/bencornelis/Desktop/hubski_clone/spec/helpers/follows_helper_spec.rb": [
        1,
        null,
        null,
        null,
        null,
        null,
        null,
        null,
        null,
        null,
        null,
        null,
        1,
        null
      ],
      "/Users/bencornelis/Desktop/hubski_clone/spec/helpers/posts_helper_spec.rb": [
        1,
        null,
        null,
        null,
        null,
        null,
        null,
        null,
        null,
        null,
        null,
        null,
        1,
        null
      ],
      "/Users/bencornelis/Desktop/hubski_clone/spec/helpers/shares_helper_spec.rb": [
        1,
        null,
        null,
        null,
        null,
        null,
        null,
        null,
        null,
        null,
        null,
        null,
        1,
        null
      ],
      "/Users/bencornelis/Desktop/hubski_clone/spec/helpers/users_helper_spec.rb": [
        1,
        null,
        null,
        null,
        null,
        null,
        null,
        null,
        null,
        null,
        null,
        null,
        1,
        null
      ],
      "/Users/bencornelis/Desktop/hubski_clone/spec/models/comment_spec.rb": [
        1,
        null,
        1,
        2,
        2,
        2,
        2,
        null
      ],
      "/Users/bencornelis/Desktop/hubski_clone/app/models/comment.rb": [
        1,
        1,
        null,
        1,
        1,
        1,
        1,
        null,
        1,
        1,
        null,
        1,
        null,
        1,
        2,
        null,
        null,
        1,
        14,
        null,
        null,
        1,
        14,
        null,
        null,
        1,
        2,
        null,
        null,
        1,
        0,
        null,
        null,
        1,
        1,
        6,
        0,
        null,
        6,
        null,
        null,
        null,
        1,
        6,
        0,
        0,
        0,
        0,
        null,
        null,
        null,
        null
      ],
      "/Users/bencornelis/Desktop/hubski_clone/app/models/post.rb": [
        1,
        1,
        1,
        null,
        1,
        1,
        null,
        1,
        1,
        1,
        1,
        1,
        1,
        1,
        null,
        1,
        null,
        1,
        1,
        1,
        1,
        1,
        null,
        1,
        22,
        null,
        0,
        null,
        0,
        null,
        0,
        null,
        22,
        null,
        null,
        null,
        1,
        22,
        null,
        null,
        1,
        null,
        null,
        22,
        null,
        null,
        1,
        22,
        null,
        null,
        1,
        20,
        null,
        null,
        1,
        9,
        null,
        null,
        1,
        11,
        null,
        null,
        1,
        11,
        null,
        null,
        1,
        1,
        13,
        26,
        24,
        24,
        null,
        null,
        null
      ],
      "/Users/bencornelis/Desktop/hubski_clone/spec/models/follow_spec.rb": [
        1,
        null,
        1,
        2,
        2,
        null
      ],
      "/Users/bencornelis/Desktop/hubski_clone/app/models/follow.rb": [
        1,
        1,
        null,
        1,
        null,
        null,
        1,
        null,
        1,
        1,
        1,
        null,
        null
      ],
      "/Users/bencornelis/Desktop/hubski_clone/app/models/user.rb": [
        1,
        1,
        1,
        null,
        1,
        1,
        null,
        1,
        1,
        null,
        1,
        1,
        1,
        null,
        1,
        1,
        1,
        1,
        null,
        1,
        1,
        null,
        1,
        1,
        null,
        1,
        10,
        10,
        9,
        null,
        null,
        null,
        1,
        22,
        null,
        null,
        1,
        5,
        null,
        null,
        1,
        3,
        null,
        null,
        1,
        3,
        null,
        null,
        1,
        3,
        null,
        null,
        1,
        1,
        26,
        26,
        null,
        null,
        1,
        26,
        null,
        null
      ],
      "/Users/bencornelis/Desktop/hubski_clone/spec/models/post_spec.rb": [
        1,
        null,
        1,
        2,
        2,
        2,
        2,
        2,
        2,
        null
      ],
      "/Users/bencornelis/Desktop/hubski_clone/spec/models/role_spec.rb": [
        1,
        null,
        1,
        1,
        null
      ],
      "/Users/bencornelis/Desktop/hubski_clone/spec/models/share_spec.rb": [
        1,
        null,
        1,
        2,
        2,
        null
      ],
      "/Users/bencornelis/Desktop/hubski_clone/app/models/share.rb": [
        1,
        1,
        1,
        null,
        1,
        null,
        1,
        1,
        1,
        null,
        null
      ],
      "/Users/bencornelis/Desktop/hubski_clone/spec/models/tag_spec.rb": [
        1,
        null,
        1,
        2,
        2,
        null
      ],
      "/Users/bencornelis/Desktop/hubski_clone/app/models/tag.rb": [
        1,
        1,
        1,
        1,
        null,
        1,
        1,
        null,
        1,
        24,
        24,
        18,
        null,
        24,
        null,
        null,
        1,
        22,
        0,
        null,
        22,
        null,
        null,
        null,
        1,
        null,
        1,
        18,
        null,
        null
      ],
      "/Users/bencornelis/Desktop/hubski_clone/spec/models/tagging_spec.rb": [
        1,
        null,
        1,
        2,
        2,
        null
      ],
      "/Users/bencornelis/Desktop/hubski_clone/app/models/tagging.rb": [
        1,
        1,
        1,
        null
      ],
      "/Users/bencornelis/Desktop/hubski_clone/spec/models/user_spec.rb": [
        1,
        null,
        1,
        2,
        2,
        2,
        2,
        2,
        2,
        2,
        2,
        null
      ],
      "/Users/bencornelis/Desktop/hubski_clone/app/controllers/sessions_controller.rb": [
        1,
        1,
        10,
        10,
        9,
        9,
        null,
        1,
        null,
        null,
        null,
        1,
        1,
        1,
        null,
        null
      ],
      "/Users/bencornelis/Desktop/hubski_clone/app/presenters/post_presenter.rb": [
        1,
        1,
        1,
        null,
        1,
        11,
        null,
        null,
        1,
        11,
        null,
        null,
        1,
        11,
        null,
        null,
        1,
        11,
        11,
        0,
        0,
        0,
        0,
        null,
        null,
        null,
        null,
        1,
        10,
        10,
        null,
        null,
        1,
        5,
        5,
        5,
        null,
        null,
        null,
        null,
        null,
        1,
        2,
        null,
        null,
        1,
        0,
        null,
        null,
        1,
        9,
        null,
        null
      ],
      "/Users/bencornelis/Desktop/hubski_clone/app/presenters/content_presenter.rb": [
        1,
        1,
        1,
        null,
        1,
        13,
        null,
        null,
        1,
        20,
        null,
        null,
        1,
        11,
        null,
        null,
        1,
        22,
        null,
        null,
        null
      ],
      "/Users/bencornelis/Desktop/hubski_clone/app/presenters/base_presenter.rb": [
        1,
        null,
        1,
        27,
        27,
        null,
        null,
        1,
        4,
        297,
        null,
        null,
        null,
        1,
        0,
        null,
        null,
        1,
        219,
        null,
        null
      ],
      "/Users/bencornelis/Desktop/hubski_clone/app/policies/user_policy.rb": [
        1,
        1,
        null,
        1,
        3,
        null,
        null,
        1,
        21,
        null,
        null,
        1,
        null
      ],
      "/Users/bencornelis/Desktop/hubski_clone/app/policies/application_policy.rb": [
        1,
        1,
        null,
        1,
        38,
        38,
        null,
        null,
        null,
        null,
        null,
        null,
        1,
        3,
        30,
        null,
        null,
        null,
        null,
        null,
        null,
        null,
        1,
        3,
        8,
        8,
        1,
        0,
        null,
        null,
        7,
        7,
        7,
        59,
        null,
        null,
        null,
        null,
        null,
        null,
        null,
        null,
        null,
        null,
        null,
        null,
        null,
        null,
        1,
        2,
        23,
        null,
        null,
        null,
        1,
        19,
        null,
        null
      ],
      "/Users/bencornelis/Desktop/hubski_clone/app/policies/post_policy.rb": [
        1,
        1,
        null,
        1,
        8,
        null,
        null,
        1,
        7,
        null,
        null,
        1,
        7,
        null,
        null,
        1,
        null
      ],
      "/Users/bencornelis/Desktop/hubski_clone/app/presenters/comment_presenter.rb": [
        1,
        1,
        1,
        null,
        1,
        2,
        null,
        null,
        1,
        2,
        0,
        null,
        null,
        null,
        1,
        0,
        null,
        null,
        1,
        2,
        null,
        null,
        1,
        2,
        null,
        null,
        1,
        0,
        null,
        null
      ],
      "/Users/bencornelis/Desktop/hubski_clone/app/policies/comment_policy.rb": [
        1,
        1,
        null,
        1,
        2,
        null,
        null,
        1,
        2,
        null,
        null,
        1,
        null
      ],
      "/Users/bencornelis/Desktop/hubski_clone/app/presenters/user_presenter.rb": [
        1,
        1,
        1,
        null,
        null,
        1,
        3,
        null,
        null,
        1,
        2,
        null,
        null,
        null,
        1,
        4,
        3,
        null,
        null,
        1,
        5,
        4,
        null,
        null,
        1,
        1,
        null,
        null,
        null,
        null,
        1,
        3,
        null,
        null,
        null
      ]
    },
    "timestamp": 1439436591
  }
}
