{
  "RSpec": {
    "coverage": {
      "/Users/bencornelis/Desktop/hubski_clone/spec/controllers/comments_controller_spec.rb": [
        1,
        null,
        0,
        null,
        null
      ],
      "/Users/bencornelis/Desktop/hubski_clone/spec/rails_helper.rb": [
        null,
        1,
        1,
        null,
        1,
        null,
        1,
        1,
        1,
        1,
        null,
        null,
        null,
        null,
        null,
        null,
        null,
        null,
        null,
        null,
        null,
        null,
        null,
        null,
        null,
        null,
        null,
        null,
        null,
        1,
        null,
        0,
        null,
        null,
        0,
        null,
        null,
        null,
        null,
        0,
        null,
        null,
        null,
        null,
        null,
        null,
        null,
        null,
        null,
        null,
        null,
        null,
        null,
        null,
        null,
        null,
        0,
        null
      ],
      "/Users/bencornelis/Desktop/hubski_clone/config/environment.rb": [
        null,
        1,
        null,
        null,
        1
      ],
      "/Users/bencornelis/Desktop/hubski_clone/config/application.rb": [
        1,
        null,
        1,
        null,
        1,
        1,
        1,
        1,
        1,
        1,
        1,
        null,
        null,
        null,
        null,
        1,
        null,
        1,
        1,
        null,
        null,
        null,
        null,
        null,
        null,
        null,
        null,
        null,
        null,
        null,
        null,
        null,
        1,
        null,
        null
      ],
      "/Users/bencornelis/Desktop/hubski_clone/config/boot.rb": [
        1,
        null,
        1
      ],
      "/Users/bencornelis/Desktop/hubski_clone/config/environments/test.rb": [
        1,
        null,
        null,
        null,
        null,
        null,
        null,
        1,
        null,
        null,
        null,
        null,
        1,
        null,
        null,
        1,
        1,
        null,
        null,
        1,
        1,
        null,
        null,
        1,
        null,
        null,
        1,
        null,
        null,
        null,
        null,
        1,
        null,
        null,
        1,
        null,
        null,
        1,
        null,
        null,
        null,
        null
      ],
      "/Users/bencornelis/Desktop/hubski_clone/config/initializers/assets.rb": [
        null,
        null,
        null,
        1,
        null,
        null,
        null,
        null,
        null,
        null,
        null
      ],
      "/Users/bencornelis/Desktop/hubski_clone/config/initializers/backtrace_silencers.rb": [
        null,
        null,
        null,
        null,
        null,
        null,
        null
      ],
      "/Users/bencornelis/Desktop/hubski_clone/config/initializers/cookies_serializer.rb": [
        null,
        null,
        1
      ],
      "/Users/bencornelis/Desktop/hubski_clone/config/initializers/filter_parameter_logging.rb": [
        null,
        null,
        null,
        1
      ],
      "/Users/bencornelis/Desktop/hubski_clone/config/initializers/inflections.rb": [
        null,
        null,
        null,
        null,
        null,
        null,
        null,
        null,
        null,
        null,
        null,
        null,
        null,
        null,
        null,
        null
      ],
      "/Users/bencornelis/Desktop/hubski_clone/config/initializers/mime_types.rb": [
        null,
        null,
        null,
        null
      ],
      "/Users/bencornelis/Desktop/hubski_clone/config/initializers/session_store.rb": [
        null,
        null,
        1
      ],
      "/Users/bencornelis/Desktop/hubski_clone/config/initializers/wrap_parameters.rb": [
        null,
        null,
        null,
        null,
        null,
        null,
        1,
        1,
        null,
        null,
        null,
        null,
        null,
        null
      ],
      "/Users/bencornelis/Desktop/hubski_clone/spec/factories.rb": [
        1,
        1,
        1,
        1,
        1,
        null,
        null,
        1,
        1,
        null,
        null,
        null
      ],
      "/Users/bencornelis/Desktop/hubski_clone/config/routes.rb": [
        1,
        1,
        1,
        1,
        null,
        null,
        1,
        1,
        1,
        null,
        null,
        1,
        1,
        null,
        null,
        1,
        1,
        null,
        1,
        1,
        1,
        1,
        null
      ],
      "/Users/bencornelis/Desktop/hubski_clone/app/helpers/application_helper.rb": [
        1,
        1,
        0,
        0,
        0,
        null,
        0,
        0,
        null,
        0,
        0,
        null,
        0,
        0,
        null,
        0,
        0,
        null,
        0,
        0,
        null,
        null
      ],
      "/Users/bencornelis/Desktop/hubski_clone/app/helpers/comments_helper.rb": [
        1,
        null
      ],
      "/Users/bencornelis/Desktop/hubski_clone/app/helpers/follows_helper.rb": [
        1,
        null
      ],
      "/Users/bencornelis/Desktop/hubski_clone/app/helpers/posts_helper.rb": [
        1,
        1,
        0,
        0,
        0,
        0,
        0,
        0,
        null,
        null,
        null,
        1,
        0,
        0,
        null,
        0,
        null,
        null,
        null,
        1,
        0,
        0,
        0,
        0,
        null,
        null,
        1,
        0,
        0,
        0,
        0,
        null,
        null,
        null,
        1,
        0,
        0,
        0,
        0,
        null,
        null,
        1,
        0,
        0,
        null,
        null,
        null
      ],
      "/Users/bencornelis/Desktop/hubski_clone/app/helpers/shares_helper.rb": [
        1,
        null
      ],
      "/Users/bencornelis/Desktop/hubski_clone/app/helpers/tags_helper.rb": [
        1,
        null
      ],
      "/Users/bencornelis/Desktop/hubski_clone/app/helpers/users_helper.rb": [
        1,
        1,
        0,
        0,
        null,
        0,
        null,
        null,
        1,
        0,
        0,
        null,
        0,
        null,
        null,
        1,
        0,
        0,
        null,
        null,
        null,
        null
      ],
      "/Users/bencornelis/Desktop/hubski_clone/spec/support/authentication_helpers.rb": [
        1,
        0,
        0,
        0,
        0,
        null
      ]
    },
    "timestamp": 1438040216
  }
}
